Performing C SOURCE FILE Test CMAKE_HAVE_LIBC_PTHREAD failed with the following output:
Change Dir: /home/mariem/Documents/SGI/growing-shapes/build/CMakeFiles/CMakeTmp

Run Build Command(s):/usr/bin/make -f Makefile cmTC_7f042/fast && /usr/bin/make  -f CMakeFiles/cmTC_7f042.dir/build.make CMakeFiles/cmTC_7f042.dir/build
make[1]: Entering directory '/home/mariem/Documents/SGI/growing-shapes/build/CMakeFiles/CMakeTmp'
Building C object CMakeFiles/cmTC_7f042.dir/src.c.o
/usr/bin/cc -DCMAKE_HAVE_LIBC_PTHREAD   -o CMakeFiles/cmTC_7f042.dir/src.c.o -c /home/mariem/Documents/SGI/growing-shapes/build/CMakeFiles/CMakeTmp/src.c
Linking C executable cmTC_7f042
/opt/cmake-3.23.2-linux-x86_64/bin/cmake -E cmake_link_script CMakeFiles/cmTC_7f042.dir/link.txt --verbose=1
/usr/bin/cc CMakeFiles/cmTC_7f042.dir/src.c.o -o cmTC_7f042 
CMakeFiles/cmTC_7f042.dir/src.c.o: In function `main':
src.c:(.text+0x3c): undefined reference to `pthread_create'
src.c:(.text+0x48): undefined reference to `pthread_detach'
src.c:(.text+0x54): undefined reference to `pthread_cancel'
src.c:(.text+0x65): undefined reference to `pthread_join'
src.c:(.text+0x79): undefined reference to `pthread_atfork'
collect2: error: ld returned 1 exit status
CMakeFiles/cmTC_7f042.dir/build.make:98: recipe for target 'cmTC_7f042' failed
make[1]: *** [cmTC_7f042] Error 1
make[1]: Leaving directory '/home/mariem/Documents/SGI/growing-shapes/build/CMakeFiles/CMakeTmp'
Makefile:127: recipe for target 'cmTC_7f042/fast' failed
make: *** [cmTC_7f042/fast] Error 2


Source file was:
#include <pthread.h>

static void* test_func(void* data)
{
  return data;
}

int main(void)
{
  pthread_t thread;
  pthread_create(&thread, NULL, test_func, NULL);
  pthread_detach(thread);
  pthread_cancel(thread);
  pthread_join(thread, NULL);
  pthread_atfork(NULL, NULL, NULL);
  pthread_exit(NULL);

  return 0;
}

Determining if the function pthread_create exists in the pthreads failed with the following output:
Change Dir: /home/mariem/Documents/SGI/growing-shapes/build/CMakeFiles/CMakeTmp

Run Build Command(s):/usr/bin/make -f Makefile cmTC_cc711/fast && /usr/bin/make  -f CMakeFiles/cmTC_cc711.dir/build.make CMakeFiles/cmTC_cc711.dir/build
make[1]: Entering directory '/home/mariem/Documents/SGI/growing-shapes/build/CMakeFiles/CMakeTmp'
Building C object CMakeFiles/cmTC_cc711.dir/CheckFunctionExists.c.o
/usr/bin/cc   -DCHECK_FUNCTION_EXISTS=pthread_create -o CMakeFiles/cmTC_cc711.dir/CheckFunctionExists.c.o -c /opt/cmake-3.23.2-linux-x86_64/share/cmake-3.23/Modules/CheckFunctionExists.c
Linking C executable cmTC_cc711
/opt/cmake-3.23.2-linux-x86_64/bin/cmake -E cmake_link_script CMakeFiles/cmTC_cc711.dir/link.txt --verbose=1
/usr/bin/cc  -DCHECK_FUNCTION_EXISTS=pthread_create CMakeFiles/cmTC_cc711.dir/CheckFunctionExists.c.o -o cmTC_cc711  -lpthreads 
/usr/bin/ld: cannot find -lpthreads
collect2: error: ld returned 1 exit status
CMakeFiles/cmTC_cc711.dir/build.make:98: recipe for target 'cmTC_cc711' failed
make[1]: *** [cmTC_cc711] Error 1
make[1]: Leaving directory '/home/mariem/Documents/SGI/growing-shapes/build/CMakeFiles/CMakeTmp'
Makefile:127: recipe for target 'cmTC_cc711/fast' failed
make: *** [cmTC_cc711/fast] Error 2



